<?xml version="1.0" encoding="UTF-8"?>
<coverage generated="1651684856249" clover="3.2.0">
  <project timestamp="1651684856249" name="All files">
    <metrics statements="34" coveredstatements="27" conditionals="6" coveredconditionals="3" methods="10" coveredmethods="7" elements="50" coveredelements="37" complexity="0" loc="34" ncloc="34" packages="1" files="3" classes="3"/>
    <file name="declarations.js" path="C:\Users\user\Desktop\My Stuff\Microverse\Module 2\Block 2\To-Do-List\src\declarations.js">
      <metrics statements="4" coveredstatements="4" conditionals="2" coveredconditionals="2" methods="0" coveredmethods="0"/>
      <line num="1" count="1" type="cond" truecount="2" falsecount="0"/>
      <line num="2" count="1" type="stmt"/>
      <line num="3" count="1" type="stmt"/>
      <line num="4" count="1" type="stmt"/>
    </file>
    <file name="taskFunctionality.js" path="C:\Users\user\Desktop\My Stuff\Microverse\Module 2\Block 2\To-Do-List\src\taskFunctionality.js">
      <metrics statements="27" coveredstatements="20" conditionals="4" coveredconditionals="1" methods="9" coveredmethods="6"/>
      <line num="4" count="1" type="stmt"/>
      <line num="5" count="3" type="cond" truecount="1" falsecount="1"/>
      <line num="6" count="3" type="stmt"/>
      <line num="7" count="3" type="stmt"/>
      <line num="8" count="3" type="stmt"/>
      <line num="9" count="3" type="stmt"/>
      <line num="11" count="3" type="stmt"/>
      <line num="14" count="1" type="stmt"/>
      <line num="15" count="1" type="stmt"/>
      <line num="16" count="0" type="cond" truecount="0" falsecount="2"/>
      <line num="17" count="0" type="stmt"/>
      <line num="20" count="2" type="stmt"/>
      <line num="21" count="1" type="stmt"/>
      <line num="23" count="0" type="stmt"/>
      <line num="25" count="1" type="stmt"/>
      <line num="26" count="1" type="stmt"/>
      <line num="29" count="1" type="stmt"/>
      <line num="30" count="0" type="stmt"/>
      <line num="31" count="0" type="stmt"/>
      <line num="32" count="0" type="stmt"/>
      <line num="33" count="0" type="stmt"/>
      <line num="36" count="1" type="stmt"/>
      <line num="37" count="8" type="stmt"/>
      <line num="39" count="3" type="stmt"/>
      <line num="41" count="7" type="stmt"/>
      <line num="43" count="3" type="stmt"/>
      <line num="44" count="3" type="stmt"/>
    </file>
    <file name="tasks.js" path="C:\Users\user\Desktop\My Stuff\Microverse\Module 2\Block 2\To-Do-List\src\tasks.js">
      <metrics statements="3" coveredstatements="3" conditionals="0" coveredconditionals="0" methods="1" coveredmethods="1"/>
      <line num="5" count="3" type="stmt"/>
      <line num="6" count="3" type="stmt"/>
      <line num="7" count="3" type="stmt"/>
    </file>
  </project>
</coverage>
