{"C:\\Users\\user\\Desktop\\My Stuff\\Microverse\\Module 2\\Block 2\\To-Do-List\\src\\declarations.js": {"path":"C:\\Users\\user\\Desktop\\My Stuff\\Microverse\\Module 2\\Block 2\\To-Do-List\\src\\declarations.js","statementMap":{"0":{"start":{"line":1,"column":18},"end":{"line":1,"column":64}},"1":{"start":{"line":2,"column":12},"end":{"line":2,"column":14}},"2":{"start":{"line":3,"column":10},"end":{"line":3,"column":11}},"3":{"start":{"line":4,"column":10},"end":{"line":4,"column":11}}},"fnMap":{},"branchMap":{"0":{"loc":{"start":{"line":1,"column":18},"end":{"line":1,"column":64}},"type":"binary-expr","locations":[{"start":{"line":1,"column":18},"end":{"line":1,"column":58}},{"start":{"line":1,"column":62},"end":{"line":1,"column":64}}],"line":1}},"s":{"0":1,"1":1,"2":1,"3":1},"f":{},"b":{"0":[1,1]},"_coverageSchema":"1a1c01bbd47fc00a2c39e90264f33305004495a9","hash":"a2d8c86ff41ac38a815bab1bc6719cbdd17b2ee6"}
,"C:\\Users\\user\\Desktop\\My Stuff\\Microverse\\Module 2\\Block 2\\To-Do-List\\src\\taskFunctionality.js": {"path":"C:\\Users\\user\\Desktop\\My Stuff\\Microverse\\Module 2\\Block 2\\To-Do-List\\src\\taskFunctionality.js","statementMap":{"0":{"start":{"line":4,"column":16},"end":{"line":12,"column":1}},"1":{"start":{"line":5,"column":2},"end":{"line":10,"column":3}},"2":{"start":{"line":6,"column":17},"end":{"line":6,"column":42}},"3":{"start":{"line":7,"column":4},"end":{"line":7,"column":25}},"4":{"start":{"line":8,"column":4},"end":{"line":8,"column":60}},"5":{"start":{"line":9,"column":4},"end":{"line":9,"column":25}},"6":{"start":{"line":11,"column":2},"end":{"line":11,"column":19}},"7":{"start":{"line":14,"column":20},"end":{"line":27,"column":1}},"8":{"start":{"line":15,"column":2},"end":{"line":19,"column":5}},"9":{"start":{"line":16,"column":4},"end":{"line":18,"column":5}},"10":{"start":{"line":17,"column":6},"end":{"line":17,"column":51}},"11":{"start":{"line":20,"column":23},"end":{"line":20,"column":81}},"12":{"start":{"line":20,"column":50},"end":{"line":20,"column":80}},"13":{"start":{"line":21,"column":2},"end":{"line":24,"column":5}},"14":{"start":{"line":23,"column":4},"end":{"line":23,"column":21}},"15":{"start":{"line":25,"column":2},"end":{"line":25,"column":61}},"16":{"start":{"line":26,"column":2},"end":{"line":26,"column":22}},"17":{"start":{"line":29,"column":17},"end":{"line":34,"column":1}},"18":{"start":{"line":30,"column":24},"end":{"line":30,"column":64}},"19":{"start":{"line":31,"column":2},"end":{"line":31,"column":61}},"20":{"start":{"line":32,"column":2},"end":{"line":32,"column":62}},"21":{"start":{"line":33,"column":2},"end":{"line":33,"column":31}},"22":{"start":{"line":36,"column":23},"end":{"line":45,"column":1}},"23":{"start":{"line":37,"column":23},"end":{"line":38,"column":76}},"24":{"start":{"line":37,"column":61},"end":{"line":38,"column":75}},"25":{"start":{"line":39,"column":2},"end":{"line":42,"column":5}},"26":{"start":{"line":41,"column":4},"end":{"line":41,"column":21}},"27":{"start":{"line":43,"column":2},"end":{"line":43,"column":61}},"28":{"start":{"line":44,"column":2},"end":{"line":44,"column":22}}},"fnMap":{"0":{"name":"(anonymous_0)","decl":{"start":{"line":4,"column":16},"end":{"line":4,"column":17}},"loc":{"start":{"line":4,"column":31},"end":{"line":12,"column":1}},"line":4},"1":{"name":"(anonymous_1)","decl":{"start":{"line":14,"column":20},"end":{"line":14,"column":21}},"loc":{"start":{"line":14,"column":27},"end":{"line":27,"column":1}},"line":14},"2":{"name":"(anonymous_2)","decl":{"start":{"line":15,"column":49},"end":{"line":15,"column":50}},"loc":{"start":{"line":15,"column":60},"end":{"line":19,"column":3}},"line":15},"3":{"name":"(anonymous_3)","decl":{"start":{"line":20,"column":40},"end":{"line":20,"column":41}},"loc":{"start":{"line":20,"column":50},"end":{"line":20,"column":80}},"line":20},"4":{"name":"(anonymous_4)","decl":{"start":{"line":21,"column":23},"end":{"line":21,"column":24}},"loc":{"start":{"line":21,"column":33},"end":{"line":24,"column":3}},"line":21},"5":{"name":"(anonymous_5)","decl":{"start":{"line":29,"column":17},"end":{"line":29,"column":18}},"loc":{"start":{"line":29,"column":37},"end":{"line":34,"column":1}},"line":29},"6":{"name":"(anonymous_6)","decl":{"start":{"line":36,"column":23},"end":{"line":36,"column":24}},"loc":{"start":{"line":36,"column":40},"end":{"line":45,"column":1}},"line":36},"7":{"name":"(anonymous_7)","decl":{"start":{"line":37,"column":40},"end":{"line":37,"column":41}},"loc":{"start":{"line":37,"column":61},"end":{"line":38,"column":75}},"line":37},"8":{"name":"(anonymous_8)","decl":{"start":{"line":39,"column":23},"end":{"line":39,"column":24}},"loc":{"start":{"line":39,"column":33},"end":{"line":42,"column":3}},"line":39}},"branchMap":{"0":{"loc":{"start":{"line":5,"column":2},"end":{"line":10,"column":3}},"type":"if","locations":[{"start":{"line":5,"column":2},"end":{"line":10,"column":3}},{"start":{},"end":{}}],"line":5},"1":{"loc":{"start":{"line":16,"column":4},"end":{"line":18,"column":5}},"type":"if","locations":[{"start":{"line":16,"column":4},"end":{"line":18,"column":5}},{"start":{},"end":{}}],"line":16}},"s":{"0":1,"1":3,"2":3,"3":3,"4":3,"5":3,"6":3,"7":1,"8":1,"9":0,"10":0,"11":1,"12":2,"13":1,"14":0,"15":1,"16":1,"17":1,"18":0,"19":0,"20":0,"21":0,"22":1,"23":3,"24":8,"25":3,"26":7,"27":3,"28":3},"f":{"0":3,"1":1,"2":0,"3":2,"4":0,"5":0,"6":3,"7":8,"8":7},"b":{"0":[3,0],"1":[0,0]},"_coverageSchema":"1a1c01bbd47fc00a2c39e90264f33305004495a9","hash":"859311033933cae6b02f3baf56cb834c02692948"}
,"C:\\Users\\user\\Desktop\\My Stuff\\Microverse\\Module 2\\Block 2\\To-Do-List\\src\\tasks.js": {"path":"C:\\Users\\user\\Desktop\\My Stuff\\Microverse\\Module 2\\Block 2\\To-Do-List\\src\\tasks.js","statementMap":{"0":{"start":{"line":5,"column":4},"end":{"line":5,"column":39}},"1":{"start":{"line":6,"column":4},"end":{"line":6,"column":27}},"2":{"start":{"line":7,"column":4},"end":{"line":7,"column":38}}},"fnMap":{"0":{"name":"(anonymous_0)","decl":{"start":{"line":4,"column":2},"end":{"line":4,"column":3}},"loc":{"start":{"line":4,"column":31},"end":{"line":8,"column":3}},"line":4}},"branchMap":{},"s":{"0":3,"1":3,"2":3},"f":{"0":3},"b":{},"_coverageSchema":"1a1c01bbd47fc00a2c39e90264f33305004495a9","hash":"b49650a4e93a117440b60530092f50a9d2e05abf"}
}
